<?xml version="1.0" encoding="UTF-8"?>
<!-- Generated by org.testng.reporters.JUnitReportReporter -->
<testsuite hostname="DESKTOP-SP7RPSV" failures="0" tests="1" name="com.inetBanking.testCases.TestLogin" time="35.791" errors="0" timestamp="26 Jul 2022 06:39:30 GMT">
  <testcase classname="com.inetBanking.testCases.TestLogin" name="loginTest" time="35.791"/>
</testsuite> <!-- com.inetBanking.testCases.TestLogin -->
